{
  "RSpec": {
    "coverage": {
      "/Users/khushal/RubymineProjects/tta/spec/controllers/error_controller_spec.rb": [
        1,
        null,
        1,
        null,
        null
      ],
      "/Users/khushal/RubymineProjects/tta/app/controllers/error_controller.rb": [
        1,
        1,
        0,
        null,
        null
      ],
      "/Users/khushal/RubymineProjects/tta/app/controllers/application_controller.rb": [
        1,
        1,
        null
      ],
      "/Users/khushal/RubymineProjects/tta/spec/controllers/upload_controller_spec.rb": [
        1,
        null,
        1,
        null,
        1,
        1,
        1,
        1,
        null,
        null,
        null
      ],
      "/Users/khushal/RubymineProjects/tta/app/controllers/upload_controller.rb": [
        1,
        1,
        1,
        null,
        null,
        1,
        null,
        null,
        1,
        0,
        0,
        0,
        0,
        null,
        0,
        0,
        0,
        0,
        null,
        null,
        1,
        0,
        0,
        0,
        null,
        0,
        0,
        0,
        0,
        null,
        null,
        null,
        null,
        1,
        1,
        0,
        0,
        null,
        0,
        null,
        null,
        0,
        0,
        null,
        null,
        1,
        0,
        0,
        0,
        0,
        0,
        0,
        0,
        0,
        0,
        null,
        null,
        null,
        null,
        null,
        null,
        1,
        0,
        0,
        0,
        0,
        0,
        0,
        0,
        0,
        0,
        null,
        null,
        null,
        null
      ],
      "/Users/khushal/RubymineProjects/tta/spec/controllers/visualization_controller_spec.rb": [
        1,
        null,
        1,
        null,
        1,
        1,
        1,
        1,
        null,
        null,
        null,
        null,
        null,
        null
      ],
      "/Users/khushal/RubymineProjects/tta/app/controllers/visualization_controller.rb": [
        1,
        null,
        1,
        null,
        null,
        1,
        0,
        0,
        0,
        0,
        null,
        0,
        0,
        0,
        0,
        0,
        0,
        null,
        0,
        null,
        0,
        0,
        0,
        0,
        0,
        0,
        null,
        null,
        null,
        null,
        1,
        0,
        0,
        0,
        0,
        null,
        0,
        null,
        null,
        null,
        null,
        1,
        0,
        0,
        0,
        0,
        null,
        null,
        null,
        1,
        0,
        0,
        0,
        null,
        0,
        null,
        null,
        null,
        null
      ],
      "/Users/khushal/RubymineProjects/tta/app/models/visualization.rb": [
        1,
        null,
        1,
        null,
        2,
        null,
        1,
        0,
        0,
        0,
        0,
        0,
        null,
        null,
        0,
        null,
        null,
        null,
        null,
        null,
        null,
        null,
        null,
        null,
        null
      ],
      "/Users/khushal/RubymineProjects/tta/spec/models/comaprative_analysis_spec.rb": [
        1,
        null,
        1,
        null,
        1,
        1,
        1,
        null,
        null,
        1,
        2,
        null,
        null,
        null
      ],
      "/Users/khushal/RubymineProjects/tta/app/models/comparative_analysis.rb": [
        null,
        null,
        1,
        null,
        null,
        1,
        2,
        1,
        null,
        1,
        1,
        2,
        2,
        2,
        null,
        1,
        null,
        null,
        null,
        1,
        null,
        1,
        null,
        2,
        2,
        0,
        0,
        0,
        0,
        0,
        null,
        0,
        null,
        null,
        null,
        null
      ],
      "/Users/khushal/RubymineProjects/tta/spec/models/project_spec.rb": [
        1,
        null,
        1,
        1,
        1,
        1,
        1,
        null,
        null,
        null
      ],
      "/Users/khushal/RubymineProjects/tta/app/models/project.rb": [
        1,
        1,
        1,
        1,
        1,
        null
      ],
      "/Users/khushal/RubymineProjects/tta/spec/models/sub_project_spec.rb": [
        1,
        null,
        1,
        null,
        1,
        1,
        null,
        null,
        null
      ],
      "/Users/khushal/RubymineProjects/tta/app/models/sub_project.rb": [
        1,
        1,
        1,
        null,
        1,
        null
      ],
      "/Users/khushal/RubymineProjects/tta/spec/models/test_metadatum_spec.rb": [
        1,
        null,
        1,
        1,
        null,
        1,
        1,
        null,
        null,
        1,
        1,
        null,
        null,
        1,
        1,
        null,
        null,
        1,
        1,
        null,
        null,
        1,
        1,
        null,
        null,
        1,
        1,
        null,
        null,
        1,
        1,
        null,
        null,
        null
      ],
      "/Users/khushal/RubymineProjects/tta/app/models/test_metadatum.rb": [
        1,
        null,
        1,
        1,
        null,
        null,
        null,
        1,
        1,
        1,
        1,
        1,
        1,
        1,
        null
      ],
      "/Users/khushal/RubymineProjects/tta/spec/models/test_record_spec.rb": [
        1,
        null,
        1,
        1,
        1,
        1,
        null,
        null,
        null
      ],
      "/Users/khushal/RubymineProjects/tta/app/models/test_record.rb": [
        1,
        1,
        1,
        null,
        null
      ],
      "/Users/khushal/RubymineProjects/tta/spec/models/unit_test_xml_spec.rb": [
        1,
        null,
        1,
        null,
        null
      ],
      "/Users/khushal/RubymineProjects/tta/app/models/unit_test_xml.rb": [
        1,
        null,
        null
      ],
      "/Users/khushal/RubymineProjects/tta/spec/models/visualization_spec.rb": [
        1,
        null,
        1,
        null,
        1,
        2,
        null,
        null,
        1,
        1,
        1,
        null,
        null
      ],
      "/Users/khushal/RubymineProjects/tta/spec/routing/upload_routing_spec.rb": [
        1,
        null,
        null,
        1,
        1,
        1,
        1,
        null,
        null,
        1,
        1,
        null,
        null,
        null
      ]
    },
    "timestamp": 1356695335
  }
}
